<?xml version="1.0" encoding="UTF-8"?>
<!-- Generated by org.testng.reporters.JUnitXMLReporter -->
<testsuite ignored="56" hostname="DESKTOP-N2T4CKF" failures="0" tests="1" name="Default test" time="16.696" errors="0" timestamp="2023-01-27T18:57:57 EST">
  <testcase classname="testPages.HomePageTest" name="readAnyCellOfARowofTheTable" time="11.253"/>
  <testcase classname="testPages.HomePageTest" name="read_table" time="0.0">
    <ignored/>
  </testcase> <!-- read_table -->
  <testcase classname="testPages.HomePageTest" name="web_based_alert_dismiss_test" time="0.0">
    <ignored/>
  </testcase> <!-- web_based_alert_dismiss_test -->
  <testcase classname="testPages.HomePageTest" name="web_based_alert_accept_test" time="0.0">
    <ignored/>
  </testcase> <!-- web_based_alert_accept_test -->
  <testcase classname="testPages.HomePageTest" name="clickLogoTest" time="0.0">
    <ignored/>
  </testcase> <!-- clickLogoTest -->
  <testcase classname="testPages.HomePageTest" name="use_of_scroll_down_and_scroll_up_by_actions_class" time="0.0">
    <ignored/>
  </testcase> <!-- use_of_scroll_down_and_scroll_up_by_actions_class -->
  <testcase classname="testPages.HomePageTest" name="switchBetweenWindow03" time="0.0">
    <ignored/>
  </testcase> <!-- switchBetweenWindow03 -->
  <testcase classname="testPages.HomePageTest" name="use_of_explicitly_wait02" time="0.0">
    <ignored/>
  </testcase> <!-- use_of_explicitly_wait02 -->
  <testcase classname="testPages.HomePageTest" name="useOfHoverAction02" time="0.0">
    <ignored/>
  </testcase> <!-- useOfHoverAction02 -->
  <testcase classname="testPages.HomePageTest" name="use_of_explicitly_wait" time="0.0">
    <ignored/>
  </testcase> <!-- use_of_explicitly_wait -->
  <testcase classname="testPages.HomePageTest" name="use_of_getAttribute_method" time="0.0">
    <ignored/>
  </testcase> <!-- use_of_getAttribute_method -->
  <testcase classname="testPages.HomePageTest" name="use_of_right_click_action_test" time="0.0">
    <ignored/>
  </testcase> <!-- use_of_right_click_action_test -->
  <testcase classname="testPages.HomePageTest" name="useOfReturn" time="0.0">
    <ignored/>
  </testcase> <!-- useOfReturn -->
  <testcase classname="testPages.HomePageTest" name="useOfSendKeys" time="0.0">
    <ignored/>
  </testcase> <!-- useOfSendKeys -->
  <testcase classname="testPages.HomePageTest" name="useOfHardAssert01" time="0.0">
    <ignored/>
  </testcase> <!-- useOfHardAssert01 -->
  <testcase classname="testPages.HomePageTest" name="use_of_clear_method_in_searchEngine" time="0.0">
    <ignored/>
  </testcase> <!-- use_of_clear_method_in_searchEngine -->
  <testcase classname="testPages.HomePageTest" name="handleing_hidden_element" time="0.0">
    <ignored/>
  </testcase> <!-- handleing_hidden_element -->
  <testcase classname="testPages.HomePageTest" name="clickSignin02test" time="0.0">
    <ignored/>
  </testcase> <!-- clickSignin02test -->
  <testcase classname="testPages.HomePageTest" name="use_of_scroll_down_and_scroll_up_by_javascriptExecutor" time="0.0">
    <ignored/>
  </testcase> <!-- use_of_scroll_down_and_scroll_up_by_javascriptExecutor -->
  <testcase classname="testPages.HomePageTest" name="use_of_getText_in_insurance_page" time="0.0">
    <ignored/>
  </testcase> <!-- use_of_getText_in_insurance_page -->
  <testcase classname="testPages.HomePageTest" name="use_of_set_specific_size_in_window" time="0.0">
    <ignored/>
  </testcase> <!-- use_of_set_specific_size_in_window -->
  <testcase classname="testPages.HomePageTest" name="clickSignin01test" time="0.0">
    <ignored/>
  </testcase> <!-- clickSignin01test -->
  <testcase classname="testPages.HomePageTest" name="inputText_by_javascriptExecutor" time="0.0">
    <ignored/>
  </testcase> <!-- inputText_by_javascriptExecutor -->
  <testcase classname="testPages.HomePageTest" name="useofHoverAction01" time="0.0">
    <ignored/>
  </testcase> <!-- useofHoverAction01 -->
  <testcase classname="testPages.HomePageTest" name="use_of_slider_action_alternate" time="0.0">
    <ignored/>
  </testcase> <!-- use_of_slider_action_alternate -->
  <testcase classname="testPages.HomePageTest" name="scrollIntoViewTheElement" time="0.0">
    <ignored/>
  </testcase> <!-- scrollIntoViewTheElement -->
  <testcase classname="testPages.HomePageTest" name="useOfHardAssert02" time="0.0">
    <ignored/>
  </testcase> <!-- useOfHardAssert02 -->
  <testcase classname="testPages.HomePageTest" name="use_of_double_click_action" time="0.0">
    <ignored/>
  </testcase> <!-- use_of_double_click_action -->
  <testcase classname="testPages.HomePageTest" name="mouseHoverActionOnAboutUs" time="0.0">
    <ignored/>
  </testcase> <!-- mouseHoverActionOnAboutUs -->
  <testcase classname="testPages.HomePageTest" name="useOfDropDown_by_index_Method" time="0.0">
    <ignored/>
  </testcase> <!-- useOfDropDown_by_index_Method -->
  <testcase classname="testPages.HomePageTest" name="use_of_robot_class_to_scroll_up_and_down" time="0.0">
    <ignored/>
  </testcase> <!-- use_of_robot_class_to_scroll_up_and_down -->
  <testcase classname="testPages.HomePageTest" name="use_of_getTitle_and_getURL_in_insurance_page" time="0.0">
    <ignored/>
  </testcase> <!-- use_of_getTitle_and_getURL_in_insurance_page -->
  <testcase classname="testPages.HomePageTest" name="use_of_isDisplayed_in_logo_image" time="0.0">
    <ignored/>
  </testcase> <!-- use_of_isDisplayed_in_logo_image -->
  <testcase classname="testPages.HomePageTest" name="inputTextInPasswordField" time="0.0">
    <ignored/>
  </testcase> <!-- inputTextInPasswordField -->
  <testcase classname="testPages.HomePageTest" name="useOfNavigateMethod" time="0.0">
    <ignored/>
  </testcase> <!-- useOfNavigateMethod -->
  <testcase classname="testPages.HomePageTest" name="use_of_isEnabled_in_signin_button" time="0.0">
    <ignored/>
  </testcase> <!-- use_of_isEnabled_in_signin_button -->
  <testcase classname="testPages.HomePageTest" name="switchBetweenWindow01" time="0.0">
    <ignored/>
  </testcase> <!-- switchBetweenWindow01 -->
  <testcase classname="testPages.HomePageTest" name="click_by_javascriptExecutor" time="0.0">
    <ignored/>
  </testcase> <!-- click_by_javascriptExecutor -->
  <testcase classname="testPages.HomePageTest" name="use_of_isSelected_in_remember_userID_checkbox" time="0.0">
    <ignored/>
  </testcase> <!-- use_of_isSelected_in_remember_userID_checkbox -->
  <testcase classname="testPages.HomePageTest" name="signinFunctionlityTest" time="0.0">
    <ignored/>
  </testcase> <!-- signinFunctionlityTest -->
  <testcase classname="testPages.HomePageTest" name="use_of_double_click_action_test" time="0.0">
    <ignored/>
  </testcase> <!-- use_of_double_click_action_test -->
  <testcase classname="testPages.HomePageTest" name="authenticationPopUpTest" time="0.0">
    <ignored/>
  </testcase> <!-- authenticationPopUpTest -->
  <testcase classname="testPages.HomePageTest" name="useOfHardAssert03" time="0.0">
    <ignored/>
  </testcase> <!-- useOfHardAssert03 -->
  <testcase classname="testPages.HomePageTest" name="Use_of_loggerTest02" time="0.0">
    <ignored/>
  </testcase> <!-- Use_of_loggerTest02 -->
  <testcase classname="testPages.HomePageTest" name="useOfLinkTextAsLocator" time="0.0">
    <ignored/>
  </testcase> <!-- useOfLinkTextAsLocator -->
  <testcase classname="testPages.HomePageTest" name="useOfPartialLinkTextAsLocator" time="0.0">
    <ignored/>
  </testcase> <!-- useOfPartialLinkTextAsLocator -->
  <testcase classname="testPages.HomePageTest" name="clickRememberUserIdCheckBoxTest" time="0.0">
    <ignored/>
  </testcase> <!-- clickRememberUserIdCheckBoxTest -->
  <testcase classname="testPages.HomePageTest" name="inputTextInUserIdFieldTest" time="0.0">
    <ignored/>
  </testcase> <!-- inputTextInUserIdFieldTest -->
  <testcase classname="testPages.HomePageTest" name="use_of_right_click_action" time="0.0">
    <ignored/>
  </testcase> <!-- use_of_right_click_action -->
  <testcase classname="testPages.HomePageTest" name="useOfEnter" time="0.0">
    <ignored/>
  </testcase> <!-- useOfEnter -->
  <testcase classname="testPages.HomePageTest" name="use_of_drag_and_drop_action" time="0.0">
    <ignored/>
  </testcase> <!-- use_of_drag_and_drop_action -->
  <testcase classname="testPages.HomePageTest" name="useOfLoggerTest" time="0.0">
    <ignored/>
  </testcase> <!-- useOfLoggerTest -->
  <testcase classname="testPages.HomePageTest" name="useOfDropDown_by_visual_text" time="0.0">
    <ignored/>
  </testcase> <!-- useOfDropDown_by_visual_text -->
  <testcase classname="testPages.HomePageTest" name="useOfDropDown_by_value" time="0.0">
    <ignored/>
  </testcase> <!-- useOfDropDown_by_value -->
  <testcase classname="testPages.HomePageTest" name="Use_of_loggerTest01" time="0.0">
    <ignored/>
  </testcase> <!-- Use_of_loggerTest01 -->
  <testcase classname="testPages.HomePageTest" name="useOfHardAssert04" time="0.0">
    <ignored/>
  </testcase> <!-- useOfHardAssert04 -->
  <testcase classname="testPages.HomePageTest" name="use_of_slider_action" time="0.0">
    <ignored/>
  </testcase> <!-- use_of_slider_action -->
</testsuite> <!-- Default test -->
