<?xml version="1.0" encoding="UTF-8"?>
<testng-results ignored="56" total="57" passed="1" failed="0" skipped="0">
  <reporter-output>
  </reporter-output>
  <suite started-at="2023-01-27T18:57:41 EST" name="Default suite" finished-at="2023-01-27T18:57:57 EST" duration-ms="16696">
    <groups>
    </groups>
    <test started-at="2023-01-27T18:57:41 EST" name="Default test" finished-at="2023-01-27T18:57:57 EST" duration-ms="16696">
      <class name="testPages.HomePageTest">
        <test-method is-config="true" signature="setUp()[pri:0, instance:testPages.HomePageTest@7ef82753]" started-at="2023-01-27T18:57:41 EST" name="setUp" finished-at="2023-01-27T18:57:46 EST" duration-ms="5152" status="PASS">
          <reporter-output>
          </reporter-output>
        </test-method> <!-- setUp -->
        <test-method signature="readAnyCellOfARowofTheTable()[pri:0, instance:testPages.HomePageTest@7ef82753]" started-at="2023-01-27T18:57:46 EST" name="readAnyCellOfARowofTheTable" finished-at="2023-01-27T18:57:57 EST" duration-ms="11253" status="PASS">
          <reporter-output>
          </reporter-output>
        </test-method> <!-- readAnyCellOfARowofTheTable -->
        <test-method is-config="true" signature="tearUp()[pri:0, instance:testPages.HomePageTest@7ef82753]" started-at="2023-01-27T18:57:57 EST" name="tearUp" finished-at="2023-01-27T18:57:57 EST" duration-ms="256" status="PASS">
          <reporter-output>
          </reporter-output>
        </test-method> <!-- tearUp -->
      </class> <!-- testPages.HomePageTest -->
    </test> <!-- Default test -->
  </suite> <!-- Default suite -->
</testng-results>
